-------------------------------------------------------------------------------
Test set: com.qhit.EmsApplicationTests
-------------------------------------------------------------------------------
Tests run: 1, Failures: 0, Errors: 1, Skipped: 0, Time elapsed: 0.328 s <<< FAILURE! - in com.qhit.EmsApplicationTests
initializationError(com.qhit.EmsApplicationTests)  Time elapsed: 0.007 s  <<< ERROR!
java.lang.Exception: No runnable methods

